{"total": {"lines":{"total":104,"covered":104,"skipped":0,"pct":100},"statements":{"total":126,"covered":126,"skipped":0,"pct":100},"functions":{"total":33,"covered":33,"skipped":0,"pct":100},"branches":{"total":61,"covered":61,"skipped":0,"pct":100},"branchesTrue":{"total":0,"covered":0,"skipped":0,"pct":100}}
,"C:\\Users\\Jean-Christophe\\applitag\\src\\config\\validateEnv.js": {"lines":{"total":13,"covered":13,"skipped":0,"pct":100},"functions":{"total":2,"covered":2,"skipped":0,"pct":100},"statements":{"total":13,"covered":13,"skipped":0,"pct":100},"branches":{"total":11,"covered":11,"skipped":0,"pct":100}}
,"C:\\Users\\Jean-Christophe\\applitag\\src\\metier\\formules.js": {"lines":{"total":48,"covered":48,"skipped":0,"pct":100},"functions":{"total":15,"covered":15,"skipped":0,"pct":100},"statements":{"total":51,"covered":51,"skipped":0,"pct":100},"branches":{"total":16,"covered":16,"skipped":0,"pct":100}}
,"C:\\Users\\Jean-Christophe\\applitag\\src\\shared\\format.js": {"lines":{"total":8,"covered":8,"skipped":0,"pct":100},"functions":{"total":2,"covered":2,"skipped":0,"pct":100},"statements":{"total":10,"covered":10,"skipped":0,"pct":100},"branches":{"total":14,"covered":14,"skipped":0,"pct":100}}
,"C:\\Users\\Jean-Christophe\\applitag\\src\\shared\\utils.js": {"lines":{"total":12,"covered":12,"skipped":0,"pct":100},"functions":{"total":8,"covered":8,"skipped":0,"pct":100},"statements":{"total":18,"covered":18,"skipped":0,"pct":100},"branches":{"total":0,"covered":0,"skipped":0,"pct":100}}
,"C:\\Users\\Jean-Christophe\\applitag\\src\\shared\\validators.js": {"lines":{"total":23,"covered":23,"skipped":0,"pct":100},"functions":{"total":6,"covered":6,"skipped":0,"pct":100},"statements":{"total":34,"covered":34,"skipped":0,"pct":100},"branches":{"total":20,"covered":20,"skipped":0,"pct":100}}
}
